2021-04-06 14:02:33,283 [INFO] Activator:170 - 


2021-04-06 14:02:33,286 [INFO] Activator:171 - !SESSION log4j initialized
2021-04-06 23:15:38,874 [INFO] Activator:170 - 


2021-04-06 23:15:38,876 [INFO] Activator:171 - !SESSION log4j initialized
2021-04-06 23:18:57,922 [INFO] Activator:170 - 


2021-04-06 23:18:57,924 [INFO] Activator:171 - !SESSION log4j initialized
2021-04-06 23:38:48,844 [INFO] McuFinderGlobals:40 - Set McuFinder mode to 2 (CubeIDE integrated)
2021-04-06 23:44:53,172 [INFO] ApplicationProperties:181 - Using Application install path: C:\ST\STM32CubeIDE_1.5.1\STM32CubeIDE\plugins\com.st.stm32cube.common.mx_6.1.1.202012091304
2021-04-06 23:44:53,185 [INFO] DbMcusXml:71 - Set database path to: C:\ST\STM32CubeIDE_1.5.1\STM32CubeIDE\plugins\com.st.stm32cube.common.mx_6.1.1.202012091304\\db\/mcu/
2021-04-06 23:44:53,189 [INFO] DbBoardsPdsc:57 - Set plugin database path to: C:\ST\STM32CubeIDE_1.5.1\STM32CubeIDE\plugins\com.st.stm32cube.common.mx_6.1.1.202012091304\\db\/plugins/boardmanager/
2021-04-06 23:44:53,189 [INFO] DbMcus:259 - Set plugin images path to: C:\ST\STM32CubeIDE_1.5.1\STM32CubeIDE\plugins\com.st.stm32cube.common.mx_6.1.1.202012091304\\db\/plugins/mcufinder/images/
2021-04-06 23:44:53,189 [INFO] DbBoards:265 - Set plugin images path to: C:\ST\STM32CubeIDE_1.5.1\STM32CubeIDE\plugins\com.st.stm32cube.common.mx_6.1.1.202012091304\\db\/plugins/mcufinder/images/
2021-04-06 23:44:53,192 [INFO] DbExamples:329 - Set plugin images path to: C:\ST\STM32CubeIDE_1.5.1\STM32CubeIDE\plugins\com.st.stm32cube.common.mx_6.1.1.202012091304\\db\/plugins/mcufinder/images/
2021-04-06 23:44:53,201 [INFO] DbMcusDocs:112 - Set database path to: C:\Users\admin\.stmcufinder\plugins\mcufinder//mcu/
2021-04-06 23:44:53,203 [INFO] DbMcusJson:63 - Set database path to: C:\Users\admin\.stmcufinder\plugins\mcufinder//mcu/
2021-04-06 23:44:53,203 [INFO] DbBoardsDocs:112 - Set database path to: C:\Users\admin\.stmcufinder\plugins\mcufinder//mcu/
2021-04-06 23:44:53,204 [INFO] DbBoardsJson:56 - Set database path to: C:\Users\admin\.stmcufinder\plugins\mcufinder//mcu/
2021-04-06 23:44:53,554 [INFO] CrossReferenceDbSqlite:196 - Set database path to: C:\Users\admin\.stmcufinder\plugins\mcufinder//mcu/cs/
2021-04-06 23:44:53,558 [INFO] DbExamplesSqlite:699 - Set database path to: C:\Users\admin\.stmcufinder\plugins\mcufinder//mcu/
2021-04-06 23:44:53,680 [INFO] RulesReader:52 - Compatibility file has been processed (228 Rules)
2021-04-06 23:44:53,825 [INFO] MicroXplorer:565 - Detected Java Version = 1.8.0_272
2021-04-06 23:44:53,826 [INFO] DbMcusXml:71 - Set database path to: C:\ST\STM32CubeIDE_1.5.1\STM32CubeIDE\plugins\com.st.stm32cube.common.mx_6.1.1.202012091304\\db\/mcu/
2021-04-06 23:44:53,827 [INFO] DbBoardsPdsc:57 - Set plugin database path to: C:\ST\STM32CubeIDE_1.5.1\STM32CubeIDE\plugins\com.st.stm32cube.common.mx_6.1.1.202012091304\\db\/plugins/boardmanager/
2021-04-06 23:44:53,827 [INFO] DbMcus:259 - Set plugin images path to: C:\ST\STM32CubeIDE_1.5.1\STM32CubeIDE\plugins\com.st.stm32cube.common.mx_6.1.1.202012091304\\db\/plugins/mcufinder/images/
2021-04-06 23:44:53,827 [INFO] DbBoards:265 - Set plugin images path to: C:\ST\STM32CubeIDE_1.5.1\STM32CubeIDE\plugins\com.st.stm32cube.common.mx_6.1.1.202012091304\\db\/plugins/mcufinder/images/
2021-04-06 23:44:53,827 [INFO] DbExamples:329 - Set plugin images path to: C:\ST\STM32CubeIDE_1.5.1\STM32CubeIDE\plugins\com.st.stm32cube.common.mx_6.1.1.202012091304\\db\/plugins/mcufinder/images/
2021-04-06 23:44:53,827 [WARN] DbFile:36 - Overriding database path with different value: C:\Users\admin\.stmcufinder\plugins\mcufinder/ => C:\Users\admin\.stmcufinder\plugins\mcufinder
2021-04-06 23:44:53,828 [INFO] DbMcusDocs:112 - Set database path to: C:\Users\admin\.stmcufinder\plugins\mcufinder//mcu/
2021-04-06 23:44:53,828 [WARN] DbFile:36 - Overriding database path with different value: C:\Users\admin\.stmcufinder\plugins\mcufinder/ => C:\Users\admin\.stmcufinder\plugins\mcufinder
2021-04-06 23:44:53,828 [INFO] DbMcusJson:63 - Set database path to: C:\Users\admin\.stmcufinder\plugins\mcufinder//mcu/
2021-04-06 23:44:53,828 [WARN] DbFile:36 - Overriding database path with different value: C:\Users\admin\.stmcufinder\plugins\mcufinder/ => C:\Users\admin\.stmcufinder\plugins\mcufinder
2021-04-06 23:44:53,828 [INFO] DbBoardsDocs:112 - Set database path to: C:\Users\admin\.stmcufinder\plugins\mcufinder//mcu/
2021-04-06 23:44:53,828 [WARN] DbFile:36 - Overriding database path with different value: C:\Users\admin\.stmcufinder\plugins\mcufinder/ => C:\Users\admin\.stmcufinder\plugins\mcufinder
2021-04-06 23:44:53,829 [INFO] DbBoardsJson:56 - Set database path to: C:\Users\admin\.stmcufinder\plugins\mcufinder//mcu/
2021-04-06 23:44:53,829 [WARN] DbFile:36 - Overriding database path with different value: C:\Users\admin\.stmcufinder\plugins\mcufinder/ => C:\Users\admin\.stmcufinder\plugins\mcufinder
2021-04-06 23:44:53,829 [WARN] DbFile:36 - Overriding database path with different value: C:\Users\admin\.stmcufinder\plugins\mcufinder/ => C:\Users\admin\.stmcufinder\plugins\mcufinder
2021-04-06 23:44:53,829 [INFO] CrossReferenceDbSqlite:196 - Set database path to: C:\Users\admin\.stmcufinder\plugins\mcufinder//mcu/cs/
2021-04-06 23:44:53,829 [WARN] DbFile:36 - Overriding database path with different value: C:\Users\admin\.stmcufinder\plugins\mcufinder/ => C:\Users\admin\.stmcufinder\plugins\mcufinder
2021-04-06 23:44:53,829 [INFO] DbExamplesSqlite:699 - Set database path to: C:\Users\admin\.stmcufinder\plugins\mcufinder//mcu/
2021-04-06 23:44:53,924 [INFO] MainPanel:190 - HeapMemory: 513802240
2021-04-06 23:44:54,004 [INFO] DbMcusXml:71 - Set database path to: C:\ST\STM32CubeIDE_1.5.1\STM32CubeIDE\plugins\com.st.stm32cube.common.mx_6.1.1.202012091304\\db\/mcu/
2021-04-06 23:44:54,004 [INFO] DbBoardsPdsc:57 - Set plugin database path to: C:\ST\STM32CubeIDE_1.5.1\STM32CubeIDE\plugins\com.st.stm32cube.common.mx_6.1.1.202012091304\\db\/plugins/boardmanager/
2021-04-06 23:44:54,004 [INFO] DbMcus:259 - Set plugin images path to: C:\ST\STM32CubeIDE_1.5.1\STM32CubeIDE\plugins\com.st.stm32cube.common.mx_6.1.1.202012091304\\db\/plugins/mcufinder/images/
2021-04-06 23:44:54,004 [INFO] DbBoards:265 - Set plugin images path to: C:\ST\STM32CubeIDE_1.5.1\STM32CubeIDE\plugins\com.st.stm32cube.common.mx_6.1.1.202012091304\\db\/plugins/mcufinder/images/
2021-04-06 23:44:54,004 [INFO] DbExamples:329 - Set plugin images path to: C:\ST\STM32CubeIDE_1.5.1\STM32CubeIDE\plugins\com.st.stm32cube.common.mx_6.1.1.202012091304\\db\/plugins/mcufinder/images/
2021-04-06 23:44:54,004 [WARN] DbFile:36 - Overriding database path with different value: C:\Users\admin\.stmcufinder\plugins\mcufinder/ => C:\Users\admin\.stmcufinder\plugins\mcufinder
2021-04-06 23:44:54,004 [INFO] DbMcusDocs:112 - Set database path to: C:\Users\admin\.stmcufinder\plugins\mcufinder//mcu/
2021-04-06 23:44:54,004 [WARN] DbFile:36 - Overriding database path with different value: C:\Users\admin\.stmcufinder\plugins\mcufinder/ => C:\Users\admin\.stmcufinder\plugins\mcufinder
2021-04-06 23:44:54,004 [INFO] DbMcusJson:63 - Set database path to: C:\Users\admin\.stmcufinder\plugins\mcufinder//mcu/
2021-04-06 23:44:54,004 [WARN] DbFile:36 - Overriding database path with different value: C:\Users\admin\.stmcufinder\plugins\mcufinder/ => C:\Users\admin\.stmcufinder\plugins\mcufinder
2021-04-06 23:44:54,004 [INFO] DbBoardsDocs:112 - Set database path to: C:\Users\admin\.stmcufinder\plugins\mcufinder//mcu/
2021-04-06 23:44:54,004 [WARN] DbFile:36 - Overriding database path with different value: C:\Users\admin\.stmcufinder\plugins\mcufinder/ => C:\Users\admin\.stmcufinder\plugins\mcufinder
2021-04-06 23:44:54,004 [INFO] DbBoardsJson:56 - Set database path to: C:\Users\admin\.stmcufinder\plugins\mcufinder//mcu/
2021-04-06 23:44:54,004 [WARN] DbFile:36 - Overriding database path with different value: C:\Users\admin\.stmcufinder\plugins\mcufinder/ => C:\Users\admin\.stmcufinder\plugins\mcufinder
2021-04-06 23:44:54,004 [WARN] DbFile:36 - Overriding database path with different value: C:\Users\admin\.stmcufinder\plugins\mcufinder/ => C:\Users\admin\.stmcufinder\plugins\mcufinder
2021-04-06 23:44:54,004 [INFO] CrossReferenceDbSqlite:196 - Set database path to: C:\Users\admin\.stmcufinder\plugins\mcufinder//mcu/cs/
2021-04-06 23:44:54,004 [WARN] DbFile:36 - Overriding database path with different value: C:\Users\admin\.stmcufinder\plugins\mcufinder/ => C:\Users\admin\.stmcufinder\plugins\mcufinder
2021-04-06 23:44:54,004 [INFO] DbExamplesSqlite:699 - Set database path to: C:\Users\admin\.stmcufinder\plugins\mcufinder//mcu/
2021-04-06 23:44:54,031 [INFO] ApplicationProperties:181 - Using Application install path: C:\ST\STM32CubeIDE_1.5.1\STM32CubeIDE\plugins\com.st.stm32cube.common.mx_6.1.1.202012091304
2021-04-06 23:44:54,033 [INFO] PluginManage:178 - Search for loadable plugins [exclusion list=, ]
2021-04-06 23:44:54,034 [INFO] PluginManage:292 - Check plugin analytics
2021-04-06 23:44:54,177 [INFO] AnalyticsPlugin:225 - Accepted Software Licenses: 
2021-04-06 23:44:54,177 [INFO] AnalyticsPlugin:227 - Accepted CMSIS Pack Licenses: 
2021-04-06 23:44:54,177 [INFO] AnalyticsPlugin:229 - Accepted Firmware Licenses: 
2021-04-06 23:44:54,177 [INFO] PluginManage:342 - Loaded plugin analytics (category:tool,tabindex:-1)
2021-04-06 23:44:54,177 [INFO] PluginManage:292 - Check plugin clock
2021-04-06 23:44:54,211 [INFO] PluginManage:342 - Loaded plugin clock (category:base,tabindex:2)
2021-04-06 23:44:54,211 [INFO] PluginManage:292 - Check plugin ddr
2021-04-06 23:44:54,214 [INFO] PluginManage:342 - Loaded plugin ddr (category:tool,tabindex:6)
2021-04-06 23:44:54,214 [INFO] PluginManage:292 - Check plugin filemanager
2021-04-06 23:44:54,346 [INFO] PluginManage:342 - Loaded plugin filemanager (category:base,tabindex:10)
2021-04-06 23:44:54,346 [INFO] PluginManage:292 - Check plugin ipmanager
2021-04-06 23:44:54,375 [INFO] PluginManage:342 - Loaded plugin ipmanager (category:base,tabindex:5)
2021-04-06 23:44:54,375 [INFO] PluginManage:292 - Check plugin pinoutandconfiguration
2021-04-06 23:44:54,384 [INFO] PluginManage:342 - Loaded plugin pinoutandconfiguration (category:base,tabindex:1)
2021-04-06 23:44:54,384 [INFO] PluginManage:292 - Check plugin pinoutconfig
2021-04-06 23:44:54,413 [INFO] PluginManage:342 - Loaded plugin pinoutconfig (category:base,tabindex:0)
2021-04-06 23:44:54,413 [INFO] PluginManage:292 - Check plugin power
2021-04-06 23:44:54,428 [INFO] PluginManage:342 - Loaded plugin power (category:power,tabindex:4)
2021-04-06 23:44:54,428 [INFO] PluginManage:292 - Check plugin projectmanager
2021-04-06 23:44:54,446 [INFO] PluginManage:342 - Loaded plugin projectmanager (category:projectmanager,tabindex:3)
2021-04-06 23:44:54,446 [INFO] PluginManage:292 - Check plugin thirdparty
2021-04-06 23:44:54,618 [INFO] PluginManage:342 - Loaded plugin thirdparty (category:base,tabindex:-1)
2021-04-06 23:44:54,618 [WARN] IntegrityCheckThread:59 - waiting for thirdparty lock release [integrity check]
2021-04-06 23:44:54,618 [INFO] PluginManage:292 - Check plugin tools
2021-04-06 23:44:54,619 [INFO] IntegrityCheckThread:61 - entering critical section [integrity check]
2021-04-06 23:44:54,619 [INFO] ThirdPartyUpdaterWithRetryManager:56 - Updater plugin not ready yet. [1/15]
2021-04-06 23:44:54,654 [INFO] PluginManage:342 - Loaded plugin tools (category:base,tabindex:7)
2021-04-06 23:44:54,654 [INFO] PluginManage:292 - Check plugin tutovideos
2021-04-06 23:44:54,846 [INFO] PluginManage:342 - Loaded plugin tutovideos (category:base,tabindex:-1)
2021-04-06 23:44:54,846 [INFO] PluginManage:292 - Check plugin updater
2021-04-06 23:44:54,858 [INFO] PluginManage:342 - Loaded plugin updater (category:base,tabindex:12)
2021-04-06 23:44:54,858 [INFO] PluginManage:265 - PluginManage : Loaded plugins [13]
2021-04-06 23:44:55,069 [INFO] PinOutPanel:1434 - setPackage(No Configuration,No Configuration)
2021-04-06 23:44:55,196 [INFO] IPUIPlugin:64 - create IPUIPlugin
2021-04-06 23:44:55,197 [INFO] PluginManager:203 - loadIPPluginJar : add adc
2021-04-06 23:44:55,220 [INFO] IPUIPlugin:64 - create IPUIPlugin
2021-04-06 23:44:55,220 [INFO] PluginManager:203 - loadIPPluginJar : add aes
2021-04-06 23:44:55,247 [INFO] IPUIPlugin:64 - create IPUIPlugin
2021-04-06 23:44:55,247 [INFO] PluginManager:203 - loadIPPluginJar : add can
2021-04-06 23:44:55,270 [INFO] IPUIPlugin:64 - create IPUIPlugin
2021-04-06 23:44:55,270 [INFO] PluginManager:203 - loadIPPluginJar : add comp
2021-04-06 23:44:55,292 [INFO] IPUIPlugin:64 - create IPUIPlugin
2021-04-06 23:44:55,292 [INFO] PluginManager:203 - loadIPPluginJar : add cryp
2021-04-06 23:44:55,312 [INFO] IPUIPlugin:64 - create IPUIPlugin
2021-04-06 23:44:55,312 [INFO] PluginManager:203 - loadIPPluginJar : add dfsdm
2021-04-06 23:44:55,324 [INFO] IPUIPlugin:64 - create IPUIPlugin
2021-04-06 23:44:55,324 [INFO] PluginManager:203 - loadIPPluginJar : add dma
2021-04-06 23:44:55,341 [INFO] IPUIPlugin:64 - create IPUIPlugin
2021-04-06 23:44:55,341 [INFO] PluginManager:203 - loadIPPluginJar : add fatfs
2021-04-06 23:44:55,377 [INFO] IPUIPlugin:64 - create IPUIPlugin
2021-04-06 23:44:55,377 [INFO] PluginManager:203 - loadIPPluginJar : add fmc
2021-04-06 23:44:55,389 [INFO] IPUIPlugin:64 - create IPUIPlugin
2021-04-06 23:44:55,390 [INFO] PluginManager:203 - loadIPPluginJar : add freertos
2021-04-06 23:44:55,409 [INFO] IPUIPlugin:64 - create IPUIPlugin
2021-04-06 23:44:55,409 [INFO] PluginManager:203 - loadIPPluginJar : add genericplugin
2021-04-06 23:44:55,462 [INFO] IPUIPlugin:64 - create IPUIPlugin
2021-04-06 23:44:55,462 [INFO] PluginManager:203 - loadIPPluginJar : add gfxmmu
2021-04-06 23:44:55,533 [INFO] IPUIPlugin:64 - create IPUIPlugin
2021-04-06 23:44:55,533 [INFO] PluginManager:203 - loadIPPluginJar : add gic
2021-04-06 23:44:55,542 [INFO] IPUIPlugin:64 - create IPUIPlugin
2021-04-06 23:44:55,542 [INFO] PluginManager:203 - loadIPPluginJar : add gpio
2021-04-06 23:44:55,586 [INFO] IPUIPlugin:64 - create IPUIPlugin
2021-04-06 23:44:55,586 [INFO] PluginManager:203 - loadIPPluginJar : add gtzc
2021-04-06 23:44:55,606 [INFO] IPUIPlugin:64 - create IPUIPlugin
2021-04-06 23:44:55,607 [INFO] PluginManager:203 - loadIPPluginJar : add hash
2021-04-06 23:44:55,639 [INFO] IPUIPlugin:64 - create IPUIPlugin
2021-04-06 23:44:55,639 [INFO] PluginManager:203 - loadIPPluginJar : add i2c
2021-04-06 23:44:55,664 [INFO] IPUIPlugin:64 - create IPUIPlugin
2021-04-06 23:44:55,664 [INFO] PluginManager:203 - loadIPPluginJar : add i2s
2021-04-06 23:44:55,674 [INFO] IPUIPlugin:64 - create IPUIPlugin
2021-04-06 23:44:55,674 [INFO] PluginManager:203 - loadIPPluginJar : add ipddr
2021-04-06 23:44:55,699 [INFO] IPUIPlugin:64 - create IPUIPlugin
2021-04-06 23:44:55,700 [INFO] PluginManager:203 - loadIPPluginJar : add lorawan
2021-04-06 23:44:55,722 [INFO] IPUIPlugin:64 - create IPUIPlugin
2021-04-06 23:44:55,723 [INFO] PluginManager:203 - loadIPPluginJar : add ltdc
2021-04-06 23:44:55,732 [INFO] IPUIPlugin:64 - create IPUIPlugin
2021-04-06 23:44:55,732 [INFO] PluginManager:203 - loadIPPluginJar : add mdma
2021-04-06 23:44:55,741 [INFO] IPUIPlugin:64 - create IPUIPlugin
2021-04-06 23:44:55,741 [INFO] PluginManager:203 - loadIPPluginJar : add nvic
2021-04-06 23:44:55,766 [INFO] IPUIPlugin:64 - create IPUIPlugin
2021-04-06 23:44:55,766 [INFO] PluginManager:203 - loadIPPluginJar : add opamp
2021-04-06 23:44:55,804 [INFO] IPUIPlugin:64 - create IPUIPlugin
2021-04-06 23:44:55,805 [INFO] PluginManager:203 - loadIPPluginJar : add openamp
2021-04-06 23:44:55,831 [INFO] IPUIPlugin:64 - create IPUIPlugin
2021-04-06 23:44:55,831 [INFO] PluginManager:203 - loadIPPluginJar : add pdm2pcm
2021-04-06 23:44:55,844 [INFO] IPUIPlugin:64 - create IPUIPlugin
2021-04-06 23:44:55,847 [INFO] PluginManager:203 - loadIPPluginJar : add plateformsettings
2021-04-06 23:44:55,865 [INFO] IPUIPlugin:64 - create IPUIPlugin
2021-04-06 23:44:55,866 [INFO] PluginManager:203 - loadIPPluginJar : add quadspi
2021-04-06 23:44:55,875 [INFO] IPUIPlugin:64 - create IPUIPlugin
2021-04-06 23:44:55,875 [INFO] PluginManager:203 - loadIPPluginJar : add resmgrutility
2021-04-06 23:44:55,909 [INFO] IPUIPlugin:64 - create IPUIPlugin
2021-04-06 23:44:55,909 [INFO] PluginManager:203 - loadIPPluginJar : add sai
2021-04-06 23:44:55,933 [INFO] IPUIPlugin:64 - create IPUIPlugin
2021-04-06 23:44:55,934 [INFO] PluginManager:203 - loadIPPluginJar : add spi
2021-04-06 23:44:55,967 [INFO] IPUIPlugin:64 - create IPUIPlugin
2021-04-06 23:44:55,967 [INFO] PluginManager:203 - loadIPPluginJar : add stm32_wpan
2021-04-06 23:44:55,983 [INFO] IPUIPlugin:64 - create IPUIPlugin
2021-04-06 23:44:55,983 [INFO] PluginManager:203 - loadIPPluginJar : add tim
2021-04-06 23:44:56,021 [INFO] IPUIPlugin:64 - create IPUIPlugin
2021-04-06 23:44:56,021 [INFO] PluginManager:203 - loadIPPluginJar : add touchsensing
2021-04-06 23:44:56,038 [INFO] IPUIPlugin:64 - create IPUIPlugin
2021-04-06 23:44:56,038 [INFO] PluginManager:203 - loadIPPluginJar : add tracer_emb
2021-04-06 23:44:56,056 [INFO] IPUIPlugin:64 - create IPUIPlugin
2021-04-06 23:44:56,056 [INFO] PluginManager:203 - loadIPPluginJar : add ts
2021-04-06 23:44:56,074 [INFO] IPUIPlugin:64 - create IPUIPlugin
2021-04-06 23:44:56,074 [INFO] PluginManager:203 - loadIPPluginJar : add tsc
2021-04-06 23:44:56,090 [INFO] IPUIPlugin:64 - create IPUIPlugin
2021-04-06 23:44:56,090 [INFO] PluginManager:203 - loadIPPluginJar : add ucpd
2021-04-06 23:44:56,121 [INFO] IPUIPlugin:64 - create IPUIPlugin
2021-04-06 23:44:56,121 [INFO] PluginManager:203 - loadIPPluginJar : add usart
2021-04-06 23:44:56,427 [FATAL] Updater:284 - Updater called before beeing initialized
2021-04-06 23:44:56,544 [FATAL] Updater:284 - Updater called before beeing initialized
2021-04-06 23:44:56,623 [WARN] DetailPanel:347 - Failed to get advertising image, set to default
2021-04-06 23:44:56,626 [FATAL] Updater:284 - Updater called before beeing initialized
2021-04-06 23:44:56,627 [WARN] DetailPanel:347 - Failed to get advertising image, set to default
2021-04-06 23:44:56,676 [FATAL] Updater:284 - Updater called before beeing initialized
2021-04-06 23:44:56,677 [WARN] ThirdParty:783 - waiting for thirdparty lock release [close project]
2021-04-06 23:44:57,624 [INFO] ThirdPartyUpdaterWithRetryManager:56 - Updater plugin not ready yet. [2/15]
2021-04-06 23:45:00,630 [FATAL] Updater:284 - Updater called before beeing initialized
2021-04-06 23:45:00,630 [ERROR] AbstractThirdPartyUpdaterManager:153 - java.lang.Integer cannot be cast to java.util.List
2021-04-06 23:45:00,630 [INFO] ThirdParty:887 - Integrity check success = false
2021-04-06 23:45:00,630 [INFO] IntegrityCheckThread:75 - exiting critical section [integrity check]
2021-04-06 23:45:00,630 [INFO] IntegrityCheckThread:78 - End integrity checks thread
2021-04-06 23:45:00,630 [INFO] ThirdParty:785 - entering critical section [close project]
2021-04-06 23:45:00,632 [INFO] ThirdParty:796 - exiting critical section [close project]
2021-04-06 23:45:00,635 [INFO] PinOutPanel:1434 - setPackage(No Configuration,No Configuration)
2021-04-06 23:45:00,635 [FATAL] Updater:284 - Updater called before beeing initialized
2021-04-06 23:45:00,648 [ERROR] Updater:1065 - MainUpdater not yet initialized. External WinMGr cannot be set.
2021-04-06 23:45:00,656 [INFO] Updater:1002 - Updater Version found : 6.1.1
2021-04-06 23:45:00,676 [INFO] ApplicationProperties:181 - Using Application install path: C:\ST\STM32CubeIDE_1.5.1\STM32CubeIDE\plugins\com.st.stm32cube.common.mx_6.1.1.202012091304
2021-04-06 23:45:00,786 [INFO] MainUpdater:2644 - connection check result : 10
2021-04-06 23:45:00,786 [INFO] MainUpdater:249 - Updater Check For Update Now.
2021-04-06 23:45:00,787 [INFO] MicroXplorer:415 - Change Database Version : DB.6.0.10
2021-04-06 23:45:00,821 [INFO] CheckServerUpdateThread:102 - End of CheckServer Thread
2021-04-06 23:45:00,910 [INFO] MainUpdater:2644 - connection check result : 10
2021-04-06 23:45:00,917 [INFO] MainUpdater:2644 - connection check result : 10
2021-04-06 23:45:01,054 [INFO] MicroXplorer:385 - Change Database Path : 
2021-04-06 23:45:01,055 [INFO] MicroXplorer:415 - Change Database Version : DB.6.0.10
2021-04-06 23:45:01,055 [WARN] ThirdParty:783 - waiting for thirdparty lock release [close project]
2021-04-06 23:45:01,055 [INFO] ThirdParty:785 - entering critical section [close project]
2021-04-06 23:45:01,055 [INFO] ThirdParty:796 - exiting critical section [close project]
2021-04-06 23:45:01,056 [INFO] PinOutPanel:1434 - setPackage(No Configuration,No Configuration)
2021-04-06 23:45:01,057 [INFO] UtilMem:74 - Begin LoadConfig() Used Memory: 323746824 Bytes (513802240)
2021-04-06 23:45:01,058 [INFO] MicroXplorer:385 - Change Database Path : 
2021-04-06 23:45:01,058 [INFO] MicroXplorer:415 - Change Database Version : DB.6.0.10
2021-04-06 23:45:01,058 [INFO] OpenFileManager:274 - Change cursor
2021-04-06 23:45:01,060 [WARN] ThirdParty:204 - Use empty third party IP manager
2021-04-06 23:45:01,074 [WARN] IntegrityCheckThread:59 - waiting for thirdparty lock release [integrity check]
2021-04-06 23:45:01,074 [INFO] IntegrityCheckThread:61 - entering critical section [integrity check]
2021-04-06 23:45:01,703 [INFO] ThirdParty:887 - Integrity check success = true
2021-04-06 23:45:01,704 [INFO] IntegrityCheckThread:75 - exiting critical section [integrity check]
2021-04-06 23:45:01,704 [INFO] IntegrityCheckThread:78 - End integrity checks thread
2021-04-06 23:45:05,290 [WARN] ApiManager:294 - Cannot register API 'Board Extension:S2868A1' from pack STMicroelectronics.X-CUBE-SFXS2LP1.3.0.0: no header file found
2021-04-06 23:45:05,290 [WARN] ApiManager:294 - Cannot register API 'Board Extension:S2868A2' from pack STMicroelectronics.X-CUBE-SFXS2LP1.3.0.0: no header file found
2021-04-06 23:45:05,290 [WARN] ApiManager:294 - Cannot register API 'Board Extension:S2915A1' from pack STMicroelectronics.X-CUBE-SFXS2LP1.3.0.0: no header file found
2021-04-06 23:45:05,294 [WARN] ModelIntegratedComponent:51 - No mode defined for component null
2021-04-06 23:45:05,295 [WARN] ModelIntegratedComponent:51 - No mode defined for component null
2021-04-06 23:45:05,295 [WARN] ModelIntegratedComponent:51 - No mode defined for component null
2021-04-06 23:45:05,295 [WARN] ModelIntegratedComponent:51 - No mode defined for component null
2021-04-06 23:45:05,295 [WARN] ModelIntegratedComponent:51 - No mode defined for component null
2021-04-06 23:45:05,296 [WARN] ModelIntegratedComponent:51 - No mode defined for component null
2021-04-06 23:45:05,296 [WARN] ModelIntegratedComponent:51 - No mode defined for component null
2021-04-06 23:45:05,296 [WARN] ModelIntegratedComponent:51 - No mode defined for component null
2021-04-06 23:45:05,296 [WARN] ModelIntegratedComponent:51 - No mode defined for component null
2021-04-06 23:45:05,296 [WARN] ModelIntegratedComponent:51 - No mode defined for component null
2021-04-06 23:45:05,296 [WARN] ModelIntegratedComponent:51 - No mode defined for component null
2021-04-06 23:45:05,296 [WARN] ModelIntegratedComponent:51 - No mode defined for component null
2021-04-06 23:45:05,296 [WARN] ModelIntegratedComponent:51 - No mode defined for component null
2021-04-06 23:45:05,296 [WARN] ModelIntegratedComponent:51 - No mode defined for component null
2021-04-06 23:45:05,297 [WARN] ModelIntegratedComponent:51 - No mode defined for component null
2021-04-06 23:45:05,297 [WARN] ModelIntegratedComponent:51 - No mode defined for component null
2021-04-06 23:45:05,297 [WARN] ModelIntegratedComponent:51 - No mode defined for component null
2021-04-06 23:45:05,297 [WARN] ModelIntegratedComponent:51 - No mode defined for component null
2021-04-06 23:45:05,297 [WARN] ModelIntegratedComponent:51 - No mode defined for component null
2021-04-06 23:45:05,297 [WARN] ModelIntegratedComponent:51 - No mode defined for component null
2021-04-06 23:45:05,297 [WARN] ModelIntegratedComponent:51 - No mode defined for component null
2021-04-06 23:45:05,297 [WARN] ModelIntegratedComponent:51 - No mode defined for component null
2021-04-06 23:45:05,297 [WARN] ModelIntegratedComponent:51 - No mode defined for component null
2021-04-06 23:45:05,297 [WARN] ModelIntegratedComponent:51 - No mode defined for component null
2021-04-06 23:45:05,298 [WARN] ModelIntegratedComponent:51 - No mode defined for component null
2021-04-06 23:45:05,298 [WARN] ModelIntegratedComponent:51 - No mode defined for component null
2021-04-06 23:45:05,298 [WARN] ModelIntegratedComponent:51 - No mode defined for component null
2021-04-06 23:45:05,298 [WARN] ModelIntegratedComponent:51 - No mode defined for component null
2021-04-06 23:45:05,298 [WARN] ModelIntegratedComponent:51 - No mode defined for component null
2021-04-06 23:45:05,298 [WARN] ModelIntegratedComponent:51 - No mode defined for component null
2021-04-06 23:45:05,298 [WARN] ModelIntegratedComponent:51 - No mode defined for component null
2021-04-06 23:45:05,298 [WARN] ModelIntegratedComponent:51 - No mode defined for component null
2021-04-06 23:45:05,298 [WARN] ModelIntegratedComponent:51 - No mode defined for component null
2021-04-06 23:45:05,298 [WARN] ModelIntegratedComponent:51 - No mode defined for component null
2021-04-06 23:45:05,299 [WARN] ModelIntegratedComponent:51 - No mode defined for component null
2021-04-06 23:45:05,299 [WARN] ModelIntegratedComponent:51 - No mode defined for component null
2021-04-06 23:45:05,299 [WARN] ModelIntegratedComponent:51 - No mode defined for component null
2021-04-06 23:45:05,299 [WARN] ModelIntegratedComponent:51 - No mode defined for component null
2021-04-06 23:45:05,307 [WARN] ApiManager:294 - Cannot register API 'Board Extension:S2868A1' from pack STMicroelectronics.X-CUBE-SUBG2.4.0.0: no header file found
2021-04-06 23:45:05,307 [WARN] ApiManager:294 - Cannot register API 'Board Extension:S2868A2' from pack STMicroelectronics.X-CUBE-SUBG2.4.0.0: no header file found
2021-04-06 23:45:05,308 [WARN] ApiManager:294 - Cannot register API 'Board Extension:S2915A1' from pack STMicroelectronics.X-CUBE-SUBG2.4.0.0: no header file found
2021-04-06 23:45:05,405 [WARN] ApiManager:294 - Cannot register API 'Board Extension:IKS01A3' from pack STMicroelectronics.X-CUBE-MEMS1.8.2.0: no header file found
2021-04-06 23:45:05,405 [WARN] ApiManager:294 - Cannot register API 'Board Extension:IKS01A2' from pack STMicroelectronics.X-CUBE-MEMS1.8.2.0: no header file found
2021-04-06 23:45:05,406 [WARN] ApiManager:294 - Cannot register API 'Board Extension:IKS02A1' from pack STMicroelectronics.X-CUBE-MEMS1.8.2.0: no header file found
2021-04-06 23:45:05,411 [WARN] ApiManager:294 - Cannot register API 'Board Extension:EEPRMA1' from pack STMicroelectronics.X-CUBE-EEPRMA1.3.0.0: no header file found
2021-04-06 23:45:05,411 [WARN] ApiManager:294 - Cannot register API 'Board Extension:EEPRMA2' from pack STMicroelectronics.X-CUBE-EEPRMA1.3.0.0: no header file found
2021-04-06 23:45:05,436 [WARN] ApiManager:294 - Cannot register API 'Board Extension:IKS01A3' from pack STMicroelectronics.X-CUBE-MEMS1.8.3.0: no header file found
2021-04-06 23:45:05,436 [WARN] ApiManager:294 - Cannot register API 'Board Extension:IKS01A2' from pack STMicroelectronics.X-CUBE-MEMS1.8.3.0: no header file found
2021-04-06 23:45:05,436 [WARN] ApiManager:294 - Cannot register API 'Board Extension:IKS02A1' from pack STMicroelectronics.X-CUBE-MEMS1.8.3.0: no header file found
2021-04-06 23:45:05,441 [INFO] RtosManager:464 - Registered RTOS mode: class=CMSIS, group=RTOS, mode=CMSIS_V1, owner=FREERTOS
2021-04-06 23:45:05,441 [INFO] RtosManager:464 - Registered RTOS mode: class=CMSIS, group=RTOS2, mode=CMSIS_V2, owner=FREERTOS
2021-04-06 23:45:05,441 [INFO] RtosManager:464 - Registered RTOS mode: class=RTOS, group=Core, mode=CMSIS_V1, owner=FREERTOS
2021-04-06 23:45:05,441 [INFO] RtosManager:464 - Registered RTOS mode: class=RTOS, group=Core, mode=CMSIS_V2, owner=FREERTOS
2021-04-06 23:45:05,441 [WARN] ModelIntegratedComponent:182 - Missing modes for component STMicroelectronics:FreeRTOS:0.0.1:STMicroelectronics:RTOS:FreeRTOS:Core:::10.2.0:
2021-04-06 23:45:05,443 [WARN] ApiManager:294 - Cannot register API 'Board Extension:GNSS1A1' from pack STMicroelectronics.X-CUBE-GNSS1.5.2.0: no header file found
2021-04-06 23:45:05,443 [WARN] ApiManager:294 - Cannot register API 'Board Support:Custom' from pack STMicroelectronics.X-CUBE-GNSS1.5.2.0: no header file found
2021-04-06 23:45:05,443 [WARN] ApiManager:294 - Cannot register API 'Data Exchange:lib_gnss' from pack STMicroelectronics.X-CUBE-GNSS1.5.2.0: no header file found
2021-04-06 23:45:05,443 [WARN] ApiManager:294 - Cannot register API 'Wireless:BlueNRG-MS' from pack STMicroelectronics.X-CUBE-BLE1.6.1.0: no header file found
2021-04-06 23:45:05,444 [WARN] ApiManager:294 - Cannot register API 'Board Extension:NFC04A1' from pack STMicroelectronics.X-CUBE-NFC4.2.0.2: no header file found
2021-04-06 23:45:05,445 [WARN] ApiManager:294 - Cannot register API 'Wireless:BlueNRG-2' from pack STMicroelectronics.X-CUBE-BLE2.3.2.0: no header file found
2021-04-06 23:45:05,631 [INFO] RtosManager:778 - Current active RTOS is FREERTOS [Cortex-M7NS]
2021-04-06 23:45:05,635 [INFO] ImportTextPane:162 - (OptionalMessage_ERROR) IP (ADC3) : Parameter (Channel) has Id (IN5) currently not set
2021-04-06 23:45:05,636 [INFO] ImportTextPane:162 - (OptionalMessage_ERROR) IP (ADC3) : Parameter (Channel) has Id (IN4) currently not set
2021-04-06 23:45:05,657 [WARN] IP:2091 - LayerIdx_L1 not found: check if there is a RefParameter without a condition.
2021-04-06 23:45:05,659 [INFO] ImportTextPane:162 - (OptionalMessage_ERROR) IP (RCC) : Invalid parameter (FamilyName)
2021-04-06 23:45:05,661 [WARN] IP:2091 - OutPutPullUp not found: check if there is a RefParameter without a condition.
2021-04-06 23:45:05,662 [WARN] IP:2091 - OutPutPullUp not found: check if there is a RefParameter without a condition.
2021-04-06 23:45:05,944 [INFO] UtilMem:74 - End LoadConfig() Used Memory: 364396888 Bytes (513802240)
2021-04-06 23:45:05,946 [INFO] DbMcusXml:97 - Load MCU database from C:\ST\STM32CubeIDE_1.5.1\STM32CubeIDE\plugins\com.st.stm32cube.common.mx_6.1.1.202012091304\\db\/mcu/families.xml
2021-04-06 23:45:06,554 [INFO] DbMcusJson:92 - JSON generation date=Thu Nov 05 17:05:07 CET 2020 (1604592307)
2021-04-06 23:45:06,999 [INFO] DbMcus:176 - Found 1835 MCUs (1796 are supported by CubeMX, 1796 are visible in CubeMX)
2021-04-06 23:45:07,000 [INFO] ApiDb:238 - Load user favorites file C:\Users\admin/.stm32cubeide/favorites.mcus.txt: 0 item(s)
2021-04-06 23:45:07,001 [INFO] ApiDb:242 - User favorites MCUs=[]
2021-04-06 23:45:07,001 [INFO] DbMcus:188 - Set 0 / 0 favorites MCUs
2021-04-06 23:45:07,009 [WARN] ThirdParty:749 - waiting for thirdparty lock release [change project]
2021-04-06 23:45:07,009 [INFO] ThirdParty:751 - entering critical section [change project]
2021-04-06 23:45:07,009 [INFO] ThirdParty:939 - CMSIS Pack Vendor :RoweBots I-CUBE-UNISONRTOS 5.5.0-4
2021-04-06 23:45:07,009 [INFO] ThirdParty:939 - CMSIS Pack Vendor :STMicroelectronics X-CUBE-SFXS2LP1 3.0.0
2021-04-06 23:45:07,009 [INFO] ThirdParty:939 - CMSIS Pack Vendor :STMicroelectronics USB_HOST 2.0.0
2021-04-06 23:45:07,009 [INFO] ThirdParty:939 - CMSIS Pack Vendor :STMicroelectronics USB_DEVICE 3.0.0
2021-04-06 23:45:07,009 [INFO] ThirdParty:939 - CMSIS Pack Vendor :STMicroelectronics HAL Drivers 0.0.0
2021-04-06 23:45:07,009 [INFO] ThirdParty:939 - CMSIS Pack Vendor :STMicroelectronics MBEDTLS 2.16.2
2021-04-06 23:45:07,009 [INFO] ThirdParty:939 - CMSIS Pack Vendor :STMicroelectronics MBEDTLS 2.14.1
2021-04-06 23:45:07,009 [INFO] ThirdParty:939 - CMSIS Pack Vendor :STMicroelectronics X-CUBE-SUBG2 4.0.0
2021-04-06 23:45:07,009 [INFO] ThirdParty:939 - CMSIS Pack Vendor :STMicroelectronics X-CUBE-TOF1 1.0.0
2021-04-06 23:45:07,009 [INFO] ThirdParty:939 - CMSIS Pack Vendor :STMicroelectronics X-CUBE-AZRTOS-H7 1.0.0
2021-04-06 23:45:07,009 [INFO] ThirdParty:939 - CMSIS Pack Vendor :STMicroelectronics USB_DEVICE 2.0.0
2021-04-06 23:45:07,009 [INFO] ThirdParty:939 - CMSIS Pack Vendor :STMicroelectronics X-CUBE-MEMS1 8.2.0
2021-04-06 23:45:07,010 [INFO] ThirdParty:939 - CMSIS Pack Vendor :STMicroelectronics X-CUBE-EEPRMA1 3.0.0
2021-04-06 23:45:07,010 [INFO] ThirdParty:939 - CMSIS Pack Vendor :STMicroelectronics X-CUBE-MEMS1 8.3.0
2021-04-06 23:45:07,010 [INFO] ThirdParty:939 - CMSIS Pack Vendor :STMicroelectronics X-CUBE-DISPLAY 1.0.0
2021-04-06 23:45:07,010 [INFO] ThirdParty:939 - CMSIS Pack Vendor :STMicroelectronics FreeRTOS 0.0.1
2021-04-06 23:45:07,010 [INFO] ThirdParty:939 - CMSIS Pack Vendor :STMicroelectronics USB_DEVICE 1.0.0
2021-04-06 23:45:07,010 [INFO] ThirdParty:939 - CMSIS Pack Vendor :STMicroelectronics X-CUBE-AI 6.0.0
2021-04-06 23:45:07,010 [INFO] ThirdParty:939 - CMSIS Pack Vendor :STMicroelectronics X-CUBE-ALGOBUILD 1.2.0
2021-04-06 23:45:07,010 [INFO] ThirdParty:939 - CMSIS Pack Vendor :STMicroelectronics X-CUBE-GNSS1 5.2.0
2021-04-06 23:45:07,010 [INFO] ThirdParty:939 - CMSIS Pack Vendor :STMicroelectronics X-CUBE-BLE1 6.1.0
2021-04-06 23:45:07,010 [INFO] ThirdParty:939 - CMSIS Pack Vendor :STMicroelectronics lwIP 2.0.3
2021-04-06 23:45:07,010 [INFO] ThirdParty:939 - CMSIS Pack Vendor :STMicroelectronics lwIP 2.1.2
2021-04-06 23:45:07,010 [INFO] ThirdParty:939 - CMSIS Pack Vendor :STMicroelectronics USB_HOST 1.0.0
2021-04-06 23:45:07,010 [INFO] ThirdParty:939 - CMSIS Pack Vendor :STMicroelectronics X-CUBE-NFC4 2.0.2
2021-04-06 23:45:07,010 [INFO] ThirdParty:939 - CMSIS Pack Vendor :wolfSSL I-CUBE-wolfSSL 4.7.0
2021-04-06 23:45:07,010 [INFO] ThirdParty:939 - CMSIS Pack Vendor :STMicroelectronics X-CUBE-TOUCHGFX 4.16.1
2021-04-06 23:45:07,010 [INFO] ThirdParty:939 - CMSIS Pack Vendor :STMicroelectronics X-CUBE-AI 5.2.0
2021-04-06 23:45:07,010 [INFO] ThirdParty:939 - CMSIS Pack Vendor :STMicroelectronics PDM2PCM 3.1.0
2021-04-06 23:45:07,010 [INFO] ThirdParty:939 - CMSIS Pack Vendor :STMicroelectronics PDM2PCM 3.2.0
2021-04-06 23:45:07,010 [INFO] ThirdParty:939 - CMSIS Pack Vendor :STMicroelectronics PDM2PCM 3.3.0
2021-04-06 23:45:07,011 [INFO] ThirdParty:939 - CMSIS Pack Vendor :STMicroelectronics X-CUBE-BLE2 3.2.0
2021-04-06 23:45:07,011 [INFO] ThirdParty:757 - exiting critical section [change project]
2021-04-06 23:45:07,317 [INFO] PinOutPanel:1434 - setPackage(No Configuration,No Configuration)
2021-04-06 23:45:07,318 [INFO] PinOutPanel:1434 - setPackage(STM32F746NGHx,TFBGA216)
2021-04-06 23:45:07,929 [INFO] UtilMem:74 - Before build in PCC Used Memory: 549700304 Bytes (745537536)
2021-04-06 23:45:08,300 [INFO] SharedServices:72 - Folder for power plug-in: C:/Users/admin/.stm32cubemx/plugins/power
2021-04-06 23:45:08,331 [INFO] SharedServices:72 - Folder for power plug-in: C:/Users/admin/.stm32cubemx/plugins/power
2021-04-06 23:45:08,362 [INFO] SharedServices:72 - Folder for power plug-in: C:/Users/admin/.stm32cubemx/plugins/power
2021-04-06 23:45:08,367 [INFO] SharedServices:72 - Folder for power plug-in: C:/Users/admin/.stm32cubemx/plugins/power
2021-04-06 23:45:08,510 [INFO] UtilMem:74 - After build in PCC Used Memory: 434646688 Bytes (745537536)
2021-04-06 23:45:08,582 [INFO] ApiDbMcu:456 - Load IP Config File for FREERTOS
2021-04-06 23:45:08,637 [INFO] IPUIPlugin:64 - create IPUIPlugin
2021-04-06 23:45:08,637 [INFO] IPUIPlugin:64 - create IPUIPlugin
2021-04-06 23:45:08,637 [INFO] IPUIPlugin:64 - create IPUIPlugin
2021-04-06 23:45:08,637 [INFO] IPUIPlugin:64 - create IPUIPlugin
2021-04-06 23:45:08,638 [INFO] IPUIPlugin:64 - create IPUIPlugin
2021-04-06 23:45:08,638 [INFO] IPUIPlugin:64 - create IPUIPlugin
2021-04-06 23:45:08,638 [INFO] IPUIPlugin:64 - create IPUIPlugin
2021-04-06 23:45:08,638 [INFO] IPUIPlugin:64 - create IPUIPlugin
2021-04-06 23:45:08,638 [INFO] IPUIPlugin:64 - create IPUIPlugin
2021-04-06 23:45:08,638 [INFO] IPUIPlugin:64 - create IPUIPlugin
2021-04-06 23:45:08,638 [INFO] IPUIPlugin:64 - create IPUIPlugin
2021-04-06 23:45:08,638 [INFO] IPUIPlugin:64 - create IPUIPlugin
2021-04-06 23:45:08,639 [INFO] IPUIPlugin:64 - create IPUIPlugin
2021-04-06 23:45:08,639 [INFO] IPUIPlugin:64 - create IPUIPlugin
2021-04-06 23:45:08,639 [INFO] IPUIPlugin:64 - create IPUIPlugin
2021-04-06 23:45:08,639 [INFO] IPUIPlugin:64 - create IPUIPlugin
2021-04-06 23:45:08,639 [INFO] IPUIPlugin:64 - create IPUIPlugin
2021-04-06 23:45:08,639 [INFO] IPUIPlugin:64 - create IPUIPlugin
2021-04-06 23:45:08,639 [INFO] IPUIPlugin:64 - create IPUIPlugin
2021-04-06 23:45:08,639 [INFO] IPUIPlugin:64 - create IPUIPlugin
2021-04-06 23:45:08,639 [INFO] IPUIPlugin:64 - create IPUIPlugin
2021-04-06 23:45:08,640 [INFO] IPUIPlugin:64 - create IPUIPlugin
2021-04-06 23:45:08,640 [INFO] IPUIPlugin:64 - create IPUIPlugin
2021-04-06 23:45:08,640 [INFO] IPUIPlugin:64 - create IPUIPlugin
2021-04-06 23:45:08,640 [INFO] IPUIPlugin:64 - create IPUIPlugin
2021-04-06 23:45:08,640 [INFO] IPUIPlugin:64 - create IPUIPlugin
2021-04-06 23:45:08,640 [INFO] IPUIPlugin:64 - create IPUIPlugin
2021-04-06 23:45:08,641 [INFO] IPUIPlugin:64 - create IPUIPlugin
2021-04-06 23:45:08,641 [INFO] IPUIPlugin:64 - create IPUIPlugin
2021-04-06 23:45:08,641 [INFO] IPUIPlugin:64 - create IPUIPlugin
2021-04-06 23:45:08,641 [INFO] IPUIPlugin:64 - create IPUIPlugin
2021-04-06 23:45:08,641 [INFO] IPUIPlugin:64 - create IPUIPlugin
2021-04-06 23:45:08,642 [INFO] IPUIPlugin:64 - create IPUIPlugin
2021-04-06 23:45:08,642 [INFO] IPUIPlugin:64 - create IPUIPlugin
2021-04-06 23:45:08,642 [INFO] IPUIPlugin:64 - create IPUIPlugin
2021-04-06 23:45:08,643 [INFO] IPUIPlugin:64 - create IPUIPlugin
2021-04-06 23:45:08,643 [INFO] IPUIPlugin:64 - create IPUIPlugin
2021-04-06 23:45:08,643 [INFO] IPUIPlugin:64 - create IPUIPlugin
2021-04-06 23:45:08,643 [INFO] IPUIPlugin:64 - create IPUIPlugin
2021-04-06 23:45:08,643 [INFO] IPUIPlugin:64 - create IPUIPlugin
2021-04-06 23:45:08,644 [INFO] IPUIPlugin:64 - create IPUIPlugin
2021-04-06 23:45:08,644 [INFO] IPUIPlugin:64 - create IPUIPlugin
2021-04-06 23:45:08,644 [INFO] IPUIPlugin:64 - create IPUIPlugin
2021-04-06 23:45:08,644 [INFO] IPUIPlugin:64 - create IPUIPlugin
2021-04-06 23:45:08,644 [INFO] IPUIPlugin:64 - create IPUIPlugin
2021-04-06 23:45:08,645 [INFO] IPUIPlugin:64 - create IPUIPlugin
2021-04-06 23:45:08,645 [INFO] IPUIPlugin:64 - create IPUIPlugin
2021-04-06 23:45:08,645 [INFO] IPUIPlugin:64 - create IPUIPlugin
2021-04-06 23:45:08,645 [INFO] IPUIPlugin:64 - create IPUIPlugin
2021-04-06 23:45:08,646 [INFO] IPUIPlugin:64 - create IPUIPlugin
2021-04-06 23:45:08,646 [INFO] IPUIPlugin:64 - create IPUIPlugin
2021-04-06 23:45:08,646 [INFO] IPUIPlugin:64 - create IPUIPlugin
2021-04-06 23:45:08,646 [INFO] IPUIPlugin:64 - create IPUIPlugin
2021-04-06 23:45:08,647 [INFO] IPUIPlugin:64 - create IPUIPlugin
2021-04-06 23:45:08,647 [INFO] IPUIPlugin:64 - create IPUIPlugin
2021-04-06 23:45:08,647 [INFO] IPUIPlugin:64 - create IPUIPlugin
2021-04-06 23:45:08,647 [INFO] IPUIPlugin:64 - create IPUIPlugin
2021-04-06 23:45:08,648 [INFO] IPUIPlugin:64 - create IPUIPlugin
2021-04-06 23:45:08,648 [INFO] IPUIPlugin:64 - create IPUIPlugin
2021-04-06 23:45:08,648 [INFO] IPUIPlugin:64 - create IPUIPlugin
2021-04-06 23:45:08,649 [INFO] IPUIPlugin:64 - create IPUIPlugin
2021-04-06 23:45:08,649 [INFO] IPUIPlugin:64 - create IPUIPlugin
2021-04-06 23:45:08,649 [INFO] IPUIPlugin:64 - create IPUIPlugin
2021-04-06 23:45:08,650 [INFO] IPUIPlugin:64 - create IPUIPlugin
2021-04-06 23:45:08,650 [INFO] IPUIPlugin:64 - create IPUIPlugin
2021-04-06 23:45:08,650 [INFO] IPUIPlugin:64 - create IPUIPlugin
2021-04-06 23:45:08,651 [INFO] IPUIPlugin:64 - create IPUIPlugin
2021-04-06 23:45:08,651 [INFO] IPUIPlugin:64 - create IPUIPlugin
2021-04-06 23:45:08,651 [INFO] IPUIPlugin:64 - create IPUIPlugin
2021-04-06 23:45:08,652 [INFO] IPUIPlugin:64 - create IPUIPlugin
2021-04-06 23:45:08,652 [INFO] IPUIPlugin:64 - create IPUIPlugin
2021-04-06 23:45:08,653 [INFO] IPUIPlugin:64 - create IPUIPlugin
2021-04-06 23:45:08,653 [INFO] IPUIPlugin:64 - create IPUIPlugin
2021-04-06 23:45:08,654 [INFO] IPUIPlugin:64 - create IPUIPlugin
2021-04-06 23:45:08,674 [INFO] ApiDbMcu:456 - Load IP Config File for PDM2PCM
2021-04-06 23:45:08,728 [WARN] FreeRTOS:980 - Null or empty value: should not occur! (nothing added to the table)
2021-04-06 23:45:08,763 [INFO] LogOutputStream:76 - [STDOUT_REDIRECT] toolchainItems.length=====1
2021-04-06 23:45:08,874 [INFO] RtosManager:591 - Active RTOS found at IOC load: FREERTOS [Cortex-M7NS]
2021-04-06 23:45:08,878 [INFO] OpenFileManager:294 - Restore cursor
2021-04-06 23:45:08,975 [WARN] IP:2091 - LayerIdx_L1 not found: check if there is a RefParameter without a condition.
2021-04-06 23:45:09,117 [WARN] IP:2091 - OutPutPullUp not found: check if there is a RefParameter without a condition.
2021-04-06 23:45:09,118 [WARN] IP:2091 - OutPutPullUp not found: check if there is a RefParameter without a condition.
2021-04-06 23:45:09,119 [WARN] IP:2091 - OutPutPullUp not found: check if there is a RefParameter without a condition.
2021-04-06 23:45:09,121 [WARN] IP:2091 - OutPutPullUp not found: check if there is a RefParameter without a condition.
2021-04-06 23:45:09,122 [WARN] IP:2091 - OutPutPullUp not found: check if there is a RefParameter without a condition.
2021-04-06 23:45:09,123 [WARN] IP:2091 - OutPutPullUp not found: check if there is a RefParameter without a condition.
2021-04-06 23:45:43,491 [INFO] NvicIntPanel:90 - NVIC parent = com.st.microxplorer.plugins.ip.nvic.MultiNvicIntPanel[,0,0,0x0,invalid,layout=javax.swing.BoxLayout,alignmentX=0.0,alignmentY=0.0,border=,flags=9,maximumSize=,minimumSize=,preferredSize=]
